<?xml version="1.0" encoding="UTF-8"?>
<testng-results ignored="0" total="1" passed="1" failed="0" skipped="0">
  <reporter-output>
    <line>
      <![CDATA[get suiteconnection done sucessfull]]>
    </line>
    <line>
      <![CDATA[precondition done sucessfull]]>
    </line>
    <line>
      <![CDATA[BrowserSetup:chromeSucessfull]]>
    </line>
    <line>
      <![CDATA[login Sucessfull]]>
    </line>
    <line>
      <![CDATA[Register with valid data]]>
    </line>
    <line>
      <![CDATA[logout Sucessfull]]>
    </line>
    <line>
      <![CDATA[closeBrowser Sucessfull]]>
    </line>
    <line>
      <![CDATA[precondition done sucessfull]]>
    </line>
  </reporter-output>
  <suite started-at="2024-08-29T15:43:33 IST" name="Suite" finished-at="2024-08-29T15:43:43 IST" duration-ms="9693">
    <groups>
    </groups>
    <test started-at="2024-08-29T15:43:33 IST" name="Test" finished-at="2024-08-29T15:43:43 IST" duration-ms="9693">
      <class name="com.myntrajio.RegisterTest.RegisterTest">
        <test-method is-config="true" signature="getSuiteConnections()[pri:0, instance:com.myntrajio.RegisterTest.RegisterTest@4659191b]" started-at="2024-08-29T15:43:33 IST" name="getSuiteConnections" finished-at="2024-08-29T15:43:33 IST" duration-ms="20" status="PASS">
          <reporter-output>
            <line>
              <![CDATA[get suiteconnection done sucessfull]]>
            </line>
          </reporter-output>
        </test-method> <!-- getSuiteConnections -->
        <test-method is-config="true" signature="precondition()[pri:0, instance:com.myntrajio.RegisterTest.RegisterTest@4659191b]" started-at="2024-08-29T15:43:33 IST" name="precondition" finished-at="2024-08-29T15:43:33 IST" duration-ms="3" status="PASS">
          <reporter-output>
            <line>
              <![CDATA[precondition done sucessfull]]>
            </line>
          </reporter-output>
        </test-method> <!-- precondition -->
        <test-method is-config="true" signature="browserSetup(java.lang.String)[pri:0, instance:com.myntrajio.RegisterTest.RegisterTest@4659191b]" started-at="2024-08-29T15:43:33 IST" name="browserSetup" finished-at="2024-08-29T15:43:41 IST" duration-ms="8005" status="PASS">
          <params>
            <param index="0">
              <value>
                <![CDATA[chrome]]>
              </value>
            </param>
          </params>
          <reporter-output>
            <line>
              <![CDATA[BrowserSetup:chromeSucessfull]]>
            </line>
          </reporter-output>
        </test-method> <!-- browserSetup -->
        <test-method is-config="true" signature="login()[pri:0, instance:com.myntrajio.RegisterTest.RegisterTest@4659191b]" started-at="2024-08-29T15:43:41 IST" name="login" finished-at="2024-08-29T15:43:41 IST" duration-ms="0" status="PASS">
          <reporter-output>
            <line>
              <![CDATA[login Sucessfull]]>
            </line>
          </reporter-output>
        </test-method> <!-- login -->
        <test-method signature="registerValidData()[pri:0, instance:com.myntrajio.RegisterTest.RegisterTest@4659191b]" started-at="2024-08-29T15:43:41 IST" name="registerValidData" finished-at="2024-08-29T15:43:42 IST" duration-ms="968" status="PASS">
          <reporter-output>
            <line>
              <![CDATA[Register with valid data]]>
            </line>
          </reporter-output>
        </test-method> <!-- registerValidData -->
        <test-method is-config="true" signature="logout()[pri:0, instance:com.myntrajio.RegisterTest.RegisterTest@4659191b]" started-at="2024-08-29T15:43:42 IST" name="logout" finished-at="2024-08-29T15:43:42 IST" duration-ms="1" status="PASS">
          <reporter-output>
            <line>
              <![CDATA[logout Sucessfull]]>
            </line>
          </reporter-output>
        </test-method> <!-- logout -->
        <test-method is-config="true" signature="closeBrowser()[pri:0, instance:com.myntrajio.RegisterTest.RegisterTest@4659191b]" started-at="2024-08-29T15:43:42 IST" name="closeBrowser" finished-at="2024-08-29T15:43:43 IST" duration-ms="580" status="PASS">
          <reporter-output>
            <line>
              <![CDATA[closeBrowser Sucessfull]]>
            </line>
          </reporter-output>
        </test-method> <!-- closeBrowser -->
        <test-method is-config="true" signature="postcondition()[pri:0, instance:com.myntrajio.RegisterTest.RegisterTest@4659191b]" started-at="2024-08-29T15:43:43 IST" name="postcondition" finished-at="2024-08-29T15:43:43 IST" duration-ms="1" status="PASS">
          <reporter-output>
            <line>
              <![CDATA[precondition done sucessfull]]>
            </line>
          </reporter-output>
        </test-method> <!-- postcondition -->
      </class> <!-- com.myntrajio.RegisterTest.RegisterTest -->
    </test> <!-- Test -->
  </suite> <!-- Suite -->
</testng-results>
