<?xml version="1.0" encoding="UTF-8"?>
<!-- Generated by org.testng.reporters.JUnitXMLReporter -->
<testsuite ignored="2" hostname="hp" failures="0" tests="1" name="ChromeTest" time="0.127" errors="0" timestamp="2024-08-15T16:25:38 IST">
  <testcase classname="com.myntrajio.ElectronicProductTest.ElectronicProductTest" name="addProduct" time="0.021"/>
  <testcase classname="com.myntrajio.ElectronicProductTest.ElectronicProductTest" name="removeProduct" time="0.0">
    <ignored/>
  </testcase> <!-- removeProduct -->
  <testcase classname="com.myntrajio.ElectronicProductTest.ElectronicProductTest" name="updateProduct" time="0.0">
    <ignored/>
  </testcase> <!-- updateProduct -->
</testsuite> <!-- ChromeTest -->
