<?xml version="1.0" encoding="UTF-8"?>
<!-- Generated by org.testng.reporters.JUnitXMLReporter -->
<testsuite ignored="4" hostname="hp" failures="0" tests="2" name="EdgeTest" time="0.021" errors="0" timestamp="2024-08-15T16:25:38 IST">
  <testcase classname="com.myntrajio.WomensProductTest.WomensProductTest" name="addProduct" time="0.002"/>
  <testcase classname="com.myntrajio.MensProductTest.MensProductTest" name="addProduct" time="0.003"/>
  <testcase classname="com.myntrajio.MensProductTest.MensProductTest" name="updateProduct" time="0.0">
    <ignored/>
  </testcase> <!-- updateProduct -->
  <testcase classname="com.myntrajio.MensProductTest.MensProductTest" name="removeProduct" time="0.0">
    <ignored/>
  </testcase> <!-- removeProduct -->
  <testcase classname="com.myntrajio.WomensProductTest.WomensProductTest" name="updateProduct" time="0.0">
    <ignored/>
  </testcase> <!-- updateProduct -->
  <testcase classname="com.myntrajio.WomensProductTest.WomensProductTest" name="removeProduct" time="0.0">
    <ignored/>
  </testcase> <!-- removeProduct -->
</testsuite> <!-- EdgeTest -->
