<?xml version="1.0" encoding="UTF-8"?>
<!-- Generated by org.testng.reporters.JUnitXMLReporter -->
<testsuite ignored="2" hostname="hp" failures="0" tests="1" name="FirefoxTest" time="0.009" errors="0" timestamp="2024-08-15T16:25:38 IST">
  <testcase classname="com.myntrajio.kidsproductTest.KidsProductTest" name="addProduct" time="0.002"/>
  <testcase classname="com.myntrajio.kidsproductTest.KidsProductTest" name="updateProduct" time="0.0">
    <ignored/>
  </testcase> <!-- updateProduct -->
  <testcase classname="com.myntrajio.kidsproductTest.KidsProductTest" name="removeProduct" time="0.0">
    <ignored/>
  </testcase> <!-- removeProduct -->
</testsuite> <!-- FirefoxTest -->
