<?xml version="1.0" encoding="UTF-8"?>
<!-- Generated by org.testng.reporters.JUnitXMLReporter -->
<testsuite ignored="0" hostname="hp" failures="0" tests="3" name="Default test" time="0.182" errors="0" timestamp="2024-08-15T16:26:44 IST">
  <testcase classname="com.myntrajio.MensProductTest.MensProductTest" name="addProduct" time="0.021"/>
  <testcase classname="com.myntrajio.MensProductTest.MensProductTest" name="removeProduct" time="0.003"/>
  <testcase classname="com.myntrajio.MensProductTest.MensProductTest" name="updateProduct" time="0.012"/>
</testsuite> <!-- Default test -->
