<?xml version="1.0" encoding="UTF-8"?>
<!-- Generated by org.testng.reporters.JUnitXMLReporter -->
<testsuite ignored="0" hostname="hp" failures="0" tests="4" name="ChromeTest"
	time="0.203" errors="0" timestamp="2024-08-15T12:46:10 IST">
	<testcase classname="com.myntrajio.RegisterTest.RegisterTest"
		name="registerValidData" time="0.026" />
	<testcase
		classname="com.myntrajio.ElectronicProductTest.ElectronicProductTest"
		name="addProduct" time="0.005" />
	<testcase
		classname="com.myntrajio.ElectronicProductTest.ElectronicProductTest"
		name="removeProduct" time="0.012" />
	<testcase
		classname="com.myntrajio.ElectronicProductTest.ElectronicProductTest"
		name="updateProduct" time="0.012" />
</testsuite> <!-- ChromeTest -->
